   1              		.syntax unified
   2              		.cpu cortex-m3
   3              		.fpu softvfp
   4              		.eabi_attribute 20, 1
   5              		.eabi_attribute 21, 1
   6              		.eabi_attribute 23, 3
   7              		.eabi_attribute 24, 1
   8              		.eabi_attribute 25, 1
   9              		.eabi_attribute 26, 1
  10              		.eabi_attribute 30, 4
  11              		.eabi_attribute 34, 1
  12              		.eabi_attribute 18, 4
  13              		.thumb
  14              		.file	"guidance_v_ref.c"
  15              		.text
  16              	.Ltext0:
  17              		.cfi_sections	.debug_frame
  18              		.section	.text.gv_set_ref,"ax",%progbits
  19              		.align	1
  20              		.global	gv_set_ref
  21              		.thumb
  22              		.thumb_func
  24              	gv_set_ref:
  25              	.LFB0:
  26              		.file 1 "firmwares/rotorcraft/guidance/guidance_v_ref.c"
   1:firmwares/rotorcraft/guidance/guidance_v_ref.c **** /*
   2:firmwares/rotorcraft/guidance/guidance_v_ref.c ****  * Copyright (C) 2008-2009 Antoine Drouin <poinix@gmail.com>
   3:firmwares/rotorcraft/guidance/guidance_v_ref.c ****  * Copyright (C) 2013 Gautier Hattenberger
   4:firmwares/rotorcraft/guidance/guidance_v_ref.c ****  *
   5:firmwares/rotorcraft/guidance/guidance_v_ref.c ****  * This file is part of paparazzi.
   6:firmwares/rotorcraft/guidance/guidance_v_ref.c ****  *
   7:firmwares/rotorcraft/guidance/guidance_v_ref.c ****  * paparazzi is free software; you can redistribute it and/or modify
   8:firmwares/rotorcraft/guidance/guidance_v_ref.c ****  * it under the terms of the GNU General Public License as published by
   9:firmwares/rotorcraft/guidance/guidance_v_ref.c ****  * the Free Software Foundation; either version 2, or (at your option)
  10:firmwares/rotorcraft/guidance/guidance_v_ref.c ****  * any later version.
  11:firmwares/rotorcraft/guidance/guidance_v_ref.c ****  *
  12:firmwares/rotorcraft/guidance/guidance_v_ref.c ****  * paparazzi is distributed in the hope that it will be useful,
  13:firmwares/rotorcraft/guidance/guidance_v_ref.c ****  * but WITHOUT ANY WARRANTY; without even the implied warranty of
  14:firmwares/rotorcraft/guidance/guidance_v_ref.c ****  * MERCHANTABILITY or FITNESS FOR A PARTICULAR PURPOSE.  See the
  15:firmwares/rotorcraft/guidance/guidance_v_ref.c ****  * GNU General Public License for more details.
  16:firmwares/rotorcraft/guidance/guidance_v_ref.c ****  *
  17:firmwares/rotorcraft/guidance/guidance_v_ref.c ****  * You should have received a copy of the GNU General Public License
  18:firmwares/rotorcraft/guidance/guidance_v_ref.c ****  * along with paparazzi; see the file COPYING.  If not, write to
  19:firmwares/rotorcraft/guidance/guidance_v_ref.c ****  * the Free Software Foundation, 59 Temple Place - Suite 330,
  20:firmwares/rotorcraft/guidance/guidance_v_ref.c ****  * Boston, MA 02111-1307, USA.
  21:firmwares/rotorcraft/guidance/guidance_v_ref.c ****  */
  22:firmwares/rotorcraft/guidance/guidance_v_ref.c **** 
  23:firmwares/rotorcraft/guidance/guidance_v_ref.c **** /** @file firmwares/rotorcraft/guidance/guidance_v_ref.c
  24:firmwares/rotorcraft/guidance/guidance_v_ref.c ****  *  Reference generation for vertical guidance.
  25:firmwares/rotorcraft/guidance/guidance_v_ref.c ****  *
  26:firmwares/rotorcraft/guidance/guidance_v_ref.c ****  */
  27:firmwares/rotorcraft/guidance/guidance_v_ref.c **** 
  28:firmwares/rotorcraft/guidance/guidance_v_ref.c **** #include "firmwares/rotorcraft/guidance/guidance_v_ref.h"
  29:firmwares/rotorcraft/guidance/guidance_v_ref.c **** #include "generated/airframe.h"
  30:firmwares/rotorcraft/guidance/guidance_v_ref.c **** 
  31:firmwares/rotorcraft/guidance/guidance_v_ref.c **** /** reference model vertical accel in meters/s^2 (output)
  32:firmwares/rotorcraft/guidance/guidance_v_ref.c ****  *  fixed point representation with #GV_ZDD_REF_FRAC
  33:firmwares/rotorcraft/guidance/guidance_v_ref.c ****  *  Q23.8 : accuracy 0.0039 , range 8388km/s^2
  34:firmwares/rotorcraft/guidance/guidance_v_ref.c ****  */
  35:firmwares/rotorcraft/guidance/guidance_v_ref.c **** int32_t gv_zdd_ref;
  36:firmwares/rotorcraft/guidance/guidance_v_ref.c **** 
  37:firmwares/rotorcraft/guidance/guidance_v_ref.c **** /** reference model vertical speed in meters/sec (output)
  38:firmwares/rotorcraft/guidance/guidance_v_ref.c ****  *  fixed point representation with #GV_ZD_REF_FRAC
  39:firmwares/rotorcraft/guidance/guidance_v_ref.c ****  *  Q14.17 : accuracy 0.0000076 , range 16384m/s2
  40:firmwares/rotorcraft/guidance/guidance_v_ref.c ****  */
  41:firmwares/rotorcraft/guidance/guidance_v_ref.c **** int32_t gv_zd_ref;
  42:firmwares/rotorcraft/guidance/guidance_v_ref.c **** 
  43:firmwares/rotorcraft/guidance/guidance_v_ref.c **** /** reference model altitude in meters (output)
  44:firmwares/rotorcraft/guidance/guidance_v_ref.c ****  *  fixed point representation with #GV_Z_REF_FRAC
  45:firmwares/rotorcraft/guidance/guidance_v_ref.c ****  *  Q37.26 :
  46:firmwares/rotorcraft/guidance/guidance_v_ref.c ****  */
  47:firmwares/rotorcraft/guidance/guidance_v_ref.c **** int64_t gv_z_ref;
  48:firmwares/rotorcraft/guidance/guidance_v_ref.c **** 
  49:firmwares/rotorcraft/guidance/guidance_v_ref.c **** 
  50:firmwares/rotorcraft/guidance/guidance_v_ref.c **** /* Saturations definition */
  51:firmwares/rotorcraft/guidance/guidance_v_ref.c **** #ifndef GUIDANCE_V_REF_MIN_ZDD
  52:firmwares/rotorcraft/guidance/guidance_v_ref.c **** #define GUIDANCE_V_REF_MIN_ZDD (-2.0*9.81)
  53:firmwares/rotorcraft/guidance/guidance_v_ref.c **** #endif
  54:firmwares/rotorcraft/guidance/guidance_v_ref.c **** #define GV_MIN_ZDD BFP_OF_REAL(GUIDANCE_V_REF_MIN_ZDD, GV_ZDD_REF_FRAC)
  55:firmwares/rotorcraft/guidance/guidance_v_ref.c **** 
  56:firmwares/rotorcraft/guidance/guidance_v_ref.c **** #ifndef GUIDANCE_V_REF_MAX_ZDD
  57:firmwares/rotorcraft/guidance/guidance_v_ref.c **** #define GUIDANCE_V_REF_MAX_ZDD ( 0.8*9.81)
  58:firmwares/rotorcraft/guidance/guidance_v_ref.c **** #endif
  59:firmwares/rotorcraft/guidance/guidance_v_ref.c **** #define GV_MAX_ZDD BFP_OF_REAL(GUIDANCE_V_REF_MAX_ZDD, GV_ZDD_REF_FRAC)
  60:firmwares/rotorcraft/guidance/guidance_v_ref.c **** 
  61:firmwares/rotorcraft/guidance/guidance_v_ref.c **** #ifndef GUIDANCE_V_REF_MIN_ZD
  62:firmwares/rotorcraft/guidance/guidance_v_ref.c **** #define GUIDANCE_V_REF_MIN_ZD (-3.)
  63:firmwares/rotorcraft/guidance/guidance_v_ref.c **** #endif
  64:firmwares/rotorcraft/guidance/guidance_v_ref.c **** #define GV_MIN_ZD  BFP_OF_REAL(GUIDANCE_V_REF_MIN_ZD , GV_ZD_REF_FRAC)
  65:firmwares/rotorcraft/guidance/guidance_v_ref.c **** 
  66:firmwares/rotorcraft/guidance/guidance_v_ref.c **** #ifndef GUIDANCE_V_REF_MAX_ZD
  67:firmwares/rotorcraft/guidance/guidance_v_ref.c **** #define GUIDANCE_V_REF_MAX_ZD ( 3.)
  68:firmwares/rotorcraft/guidance/guidance_v_ref.c **** #endif
  69:firmwares/rotorcraft/guidance/guidance_v_ref.c **** #define GV_MAX_ZD  BFP_OF_REAL(GUIDANCE_V_REF_MAX_ZD , GV_ZD_REF_FRAC)
  70:firmwares/rotorcraft/guidance/guidance_v_ref.c **** 
  71:firmwares/rotorcraft/guidance/guidance_v_ref.c **** /* second order model natural frequency and damping */
  72:firmwares/rotorcraft/guidance/guidance_v_ref.c **** #ifndef GUIDANCE_V_REF_OMEGA
  73:firmwares/rotorcraft/guidance/guidance_v_ref.c **** #define GUIDANCE_V_REF_OMEGA RadOfDeg(100.)
  74:firmwares/rotorcraft/guidance/guidance_v_ref.c **** #endif
  75:firmwares/rotorcraft/guidance/guidance_v_ref.c **** #ifndef GUIDANCE_V_REF_ZETA
  76:firmwares/rotorcraft/guidance/guidance_v_ref.c **** #define GUIDANCE_V_REF_ZETA  0.85
  77:firmwares/rotorcraft/guidance/guidance_v_ref.c **** #endif
  78:firmwares/rotorcraft/guidance/guidance_v_ref.c **** #define GV_ZETA_OMEGA_FRAC 10
  79:firmwares/rotorcraft/guidance/guidance_v_ref.c **** #define GV_ZETA_OMEGA BFP_OF_REAL((GUIDANCE_V_REF_ZETA*GUIDANCE_V_REF_OMEGA), GV_ZETA_OMEGA_FRAC)
  80:firmwares/rotorcraft/guidance/guidance_v_ref.c **** #define GV_OMEGA_2_FRAC 7
  81:firmwares/rotorcraft/guidance/guidance_v_ref.c **** #define GV_OMEGA_2    BFP_OF_REAL((GUIDANCE_V_REF_OMEGA*GUIDANCE_V_REF_OMEGA), GV_OMEGA_2_FRAC)
  82:firmwares/rotorcraft/guidance/guidance_v_ref.c **** 
  83:firmwares/rotorcraft/guidance/guidance_v_ref.c **** /* first order time constant */
  84:firmwares/rotorcraft/guidance/guidance_v_ref.c **** #define GV_REF_THAU_F  0.25
  85:firmwares/rotorcraft/guidance/guidance_v_ref.c **** #define GV_REF_INV_THAU_FRAC 16
  86:firmwares/rotorcraft/guidance/guidance_v_ref.c **** #define GV_REF_INV_THAU  BFP_OF_REAL((1./0.25), GV_REF_INV_THAU_FRAC)
  87:firmwares/rotorcraft/guidance/guidance_v_ref.c **** 
  88:firmwares/rotorcraft/guidance/guidance_v_ref.c **** void gv_set_ref(int32_t alt, int32_t speed, int32_t accel) {
  27              		.loc 1 88 0
  28              		.cfi_startproc
  29              		@ args = 0, pretend = 0, frame = 0
  30              		@ frame_needed = 0, uses_anonymous_args = 0
  31              	.LVL0:
  32 0000 10B5     		push	{r4, lr}
  33              	.LCFI0:
  34              		.cfi_def_cfa_offset 8
  35              		.cfi_offset 4, -8
  36              		.cfi_offset 14, -4
  89:firmwares/rotorcraft/guidance/guidance_v_ref.c ****   int64_t new_z = ((int64_t)alt)<<(GV_Z_REF_FRAC - INT32_POS_FRAC);
  37              		.loc 1 89 0
  38 0002 C417     		asrs	r4, r0, #31
  90:firmwares/rotorcraft/guidance/guidance_v_ref.c ****   gv_z_ref   = new_z;
  39              		.loc 1 90 0
  40 0004 064B     		ldr	r3, .L2
  89:firmwares/rotorcraft/guidance/guidance_v_ref.c ****   int64_t new_z = ((int64_t)alt)<<(GV_Z_REF_FRAC - INT32_POS_FRAC);
  41              		.loc 1 89 0
  42 0006 A404     		lsls	r4, r4, #18
  43 0008 44EA9034 		orr	r4, r4, r0, lsr #14
  44 000c 8004     		lsls	r0, r0, #18
  45              	.LVL1:
  46 000e 1860     		str	r0, [r3, #0]
  47 0010 5C60     		str	r4, [r3, #4]
  91:firmwares/rotorcraft/guidance/guidance_v_ref.c ****   gv_zd_ref  = speed>>(INT32_SPEED_FRAC - GV_ZD_REF_FRAC);
  92:firmwares/rotorcraft/guidance/guidance_v_ref.c ****   gv_zdd_ref = accel>>(INT32_ACCEL_FRAC - GV_ZDD_REF_FRAC);
  48              		.loc 1 92 0
  49 0012 0448     		ldr	r0, .L2+4
  91:firmwares/rotorcraft/guidance/guidance_v_ref.c ****   gv_zd_ref  = speed>>(INT32_SPEED_FRAC - GV_ZD_REF_FRAC);
  50              		.loc 1 91 0
  51 0014 044B     		ldr	r3, .L2+8
  52 0016 8910     		asrs	r1, r1, #2
  53              	.LVL2:
  54              		.loc 1 92 0
  55 0018 9210     		asrs	r2, r2, #2
  56              	.LVL3:
  91:firmwares/rotorcraft/guidance/guidance_v_ref.c ****   gv_zd_ref  = speed>>(INT32_SPEED_FRAC - GV_ZD_REF_FRAC);
  57              		.loc 1 91 0
  58 001a 1960     		str	r1, [r3, #0]
  59              		.loc 1 92 0
  60 001c 0260     		str	r2, [r0, #0]
  61 001e 10BD     		pop	{r4, pc}
  62              	.L3:
  63              		.align	2
  64              	.L2:
  65 0020 00000000 		.word	.LANCHOR0
  66 0024 00000000 		.word	.LANCHOR2
  67 0028 00000000 		.word	.LANCHOR1
  68              		.cfi_endproc
  69              	.LFE0:
  71              		.global	__aeabi_i2d
  72              		.global	__aeabi_dcmpgt
  73              		.global	__aeabi_dcmplt
  74              		.global	__aeabi_dcmple
  75              		.global	__aeabi_dcmpge
  76              		.section	.text.gv_update_ref_from_z_sp,"ax",%progbits
  77              		.align	1
  78              		.global	gv_update_ref_from_z_sp
  79              		.thumb
  80              		.thumb_func
  82              	gv_update_ref_from_z_sp:
  83              	.LFB1:
  93:firmwares/rotorcraft/guidance/guidance_v_ref.c **** }
  94:firmwares/rotorcraft/guidance/guidance_v_ref.c **** 
  95:firmwares/rotorcraft/guidance/guidance_v_ref.c **** void gv_update_ref_from_z_sp(int32_t z_sp) {
  84              		.loc 1 95 0
  85              		.cfi_startproc
  86              		@ args = 0, pretend = 0, frame = 0
  87              		@ frame_needed = 0, uses_anonymous_args = 0
  88              	.LVL4:
  96:firmwares/rotorcraft/guidance/guidance_v_ref.c **** 
  97:firmwares/rotorcraft/guidance/guidance_v_ref.c ****   gv_z_ref  += gv_zd_ref;
  89              		.loc 1 97 0
  90 0000 3349     		ldr	r1, .L23+16
  95:firmwares/rotorcraft/guidance/guidance_v_ref.c **** void gv_update_ref_from_z_sp(int32_t z_sp) {
  91              		.loc 1 95 0
  92 0002 2DE9F041 		push	{r4, r5, r6, r7, r8, lr}
  93              	.LCFI1:
  94              		.cfi_def_cfa_offset 24
  95              		.cfi_offset 4, -24
  96              		.cfi_offset 5, -20
  97              		.cfi_offset 6, -16
  98              		.cfi_offset 7, -12
  99              		.cfi_offset 8, -8
 100              		.cfi_offset 14, -4
 101              		.loc 1 97 0
 102 0006 0C68     		ldr	r4, [r1, #0]
 103 0008 324D     		ldr	r5, .L23+20
  98:firmwares/rotorcraft/guidance/guidance_v_ref.c ****   gv_zd_ref += gv_zdd_ref;
 104              		.loc 1 98 0
 105 000a 334E     		ldr	r6, .L23+24
  97:firmwares/rotorcraft/guidance/guidance_v_ref.c ****   gv_z_ref  += gv_zd_ref;
 106              		.loc 1 97 0
 107 000c D5E90023 		ldrd	r2, [r5]
 108 0010 1219     		adds	r2, r2, r4
 109 0012 43EBE473 		adc	r3, r3, r4, asr #31
  99:firmwares/rotorcraft/guidance/guidance_v_ref.c **** 
 100:firmwares/rotorcraft/guidance/guidance_v_ref.c ****   // compute the "speed part" of zdd = -2*zeta*omega*zd -omega^2(z_sp - z)
 101:firmwares/rotorcraft/guidance/guidance_v_ref.c ****   int32_t zd_zdd_res = gv_zd_ref>>(GV_ZD_REF_FRAC - GV_ZDD_REF_FRAC);
 102:firmwares/rotorcraft/guidance/guidance_v_ref.c ****   int32_t zdd_speed = ((int32_t)(-2*GV_ZETA_OMEGA)*zd_zdd_res)>>(GV_ZETA_OMEGA_FRAC);
 103:firmwares/rotorcraft/guidance/guidance_v_ref.c ****   // compute z error in z_sp resolution
 104:firmwares/rotorcraft/guidance/guidance_v_ref.c ****   int32_t z_err_sp = z_sp - (int32_t)(gv_z_ref>>(GV_Z_REF_FRAC-INT32_POS_FRAC));
 110              		.loc 1 104 0
 111 0016 4FEA9248 		lsr	r8, r2, #18
  98:firmwares/rotorcraft/guidance/guidance_v_ref.c ****   gv_zd_ref += gv_zdd_ref;
 112              		.loc 1 98 0
 113 001a 3768     		ldr	r7, [r6, #0]
  97:firmwares/rotorcraft/guidance/guidance_v_ref.c ****   gv_z_ref  += gv_zd_ref;
 114              		.loc 1 97 0
 115 001c C5E90023 		strd	r2, [r5]
 116              		.loc 1 104 0
 117 0020 48EA8332 		orr	r2, r8, r3, lsl #14
 118 0024 801A     		subs	r0, r0, r2
 119              	.LVL5:
  98:firmwares/rotorcraft/guidance/guidance_v_ref.c ****   gv_zd_ref += gv_zdd_ref;
 120              		.loc 1 98 0
 121 0026 E719     		adds	r7, r4, r7
 105:firmwares/rotorcraft/guidance/guidance_v_ref.c ****   // convert to accel resolution
 106:firmwares/rotorcraft/guidance/guidance_v_ref.c ****   int32_t z_err_accel = z_err_sp>>(INT32_POS_FRAC-GV_ZDD_REF_FRAC);
 107:firmwares/rotorcraft/guidance/guidance_v_ref.c ****   int32_t zdd_pos = ((int32_t)(GV_OMEGA_2)*z_err_accel)>>GV_OMEGA_2_FRAC;
 122              		.loc 1 107 0
 123 0028 40F28513 		movw	r3, #389
 102:firmwares/rotorcraft/guidance/guidance_v_ref.c ****   int32_t zdd_speed = ((int32_t)(-2*GV_ZETA_OMEGA)*zd_zdd_res)>>(GV_ZETA_OMEGA_FRAC);
 124              		.loc 1 102 0
 125 002c 2B4C     		ldr	r4, .L23+28
 126              		.loc 1 107 0
 127 002e 03FB00F5 		mul	r5, r3, r0
  98:firmwares/rotorcraft/guidance/guidance_v_ref.c ****   gv_zd_ref += gv_zdd_ref;
 128              		.loc 1 98 0
 129 0032 0F60     		str	r7, [r1, #0]
 130              	.LVL6:
 101:firmwares/rotorcraft/guidance/guidance_v_ref.c ****   int32_t zd_zdd_res = gv_zd_ref>>(GV_ZD_REF_FRAC - GV_ZDD_REF_FRAC);
 131              		.loc 1 101 0
 132 0034 7912     		asrs	r1, r7, #9
 133              	.LVL7:
 102:firmwares/rotorcraft/guidance/guidance_v_ref.c ****   int32_t zdd_speed = ((int32_t)(-2*GV_ZETA_OMEGA)*zd_zdd_res)>>(GV_ZETA_OMEGA_FRAC);
 134              		.loc 1 102 0
 135 0036 6143     		muls	r1, r4, r1
 136              	.LVL8:
 137              		.loc 1 107 0
 138 0038 4FEAE514 		asr	r4, r5, #7
 108:firmwares/rotorcraft/guidance/guidance_v_ref.c ****   gv_zdd_ref = zdd_speed + zdd_pos;
 139              		.loc 1 108 0
 140 003c 04EBA128 		add	r8, r4, r1, asr #10
 109:firmwares/rotorcraft/guidance/guidance_v_ref.c **** 
 110:firmwares/rotorcraft/guidance/guidance_v_ref.c ****   /* Saturate accelerations */
 111:firmwares/rotorcraft/guidance/guidance_v_ref.c ****   Bound(gv_zdd_ref, GV_MIN_ZDD, GV_MAX_ZDD);
 141              		.loc 1 111 0
 142 0040 4046     		mov	r0, r8
 143 0042 FFF7FEFF 		bl	__aeabi_i2d
 144              	.LVL9:
 145 0046 1EA3     		adr	r3, .L23
 146 0048 D3E90023 		ldrd	r2, [r3]
 147 004c 0446     		mov	r4, r0
 148 004e 0D46     		mov	r5, r1
 149 0050 FFF7FEFF 		bl	__aeabi_dcmpgt
 150              	.LVL10:
 151 0054 10B1     		cbz	r0, .L18
 152              		.loc 1 111 0 is_stmt 0 discriminator 1
 153 0056 40F2D971 		movw	r1, #2009
 154 005a 0BE0     		b	.L20
 155              	.L18:
 156              		.loc 1 111 0 discriminator 2
 157 005c 2046     		mov	r0, r4
 158 005e 2946     		mov	r1, r5
 159 0060 19A3     		adr	r3, .L23+8
 160 0062 D3E90023 		ldrd	r2, [r3]
 161 0066 FFF7FEFF 		bl	__aeabi_dcmplt
 162              	.LVL11:
 163 006a 10B9     		cbnz	r0, .L8
 108:firmwares/rotorcraft/guidance/guidance_v_ref.c ****   gv_zdd_ref = zdd_speed + zdd_pos;
 164              		.loc 1 108 0 is_stmt 1
 165 006c C6F80080 		str	r8, [r6, #0]
 166 0070 01E0     		b	.L7
 167              	.L8:
 168              		.loc 1 111 0 discriminator 3
 169 0072 1B49     		ldr	r1, .L23+32
 170              	.L20:
 171 0074 3160     		str	r1, [r6, #0]
 172              	.L7:
 112:firmwares/rotorcraft/guidance/guidance_v_ref.c **** 
 113:firmwares/rotorcraft/guidance/guidance_v_ref.c ****   /* Saturate speed and adjust acceleration accordingly */
 114:firmwares/rotorcraft/guidance/guidance_v_ref.c ****   if (gv_zd_ref <= GV_MIN_ZD) {
 173              		.loc 1 114 0
 174 0076 3846     		mov	r0, r7
 175 0078 FFF7FEFF 		bl	__aeabi_i2d
 176              	.LVL12:
 177 007c 0022     		movs	r2, #0
 178 007e 194B     		ldr	r3, .L23+36
 179 0080 0446     		mov	r4, r0
 180 0082 0D46     		mov	r5, r1
 181 0084 FFF7FEFF 		bl	__aeabi_dcmple
 182              	.LVL13:
 183 0088 38B1     		cbz	r0, .L19
 115:firmwares/rotorcraft/guidance/guidance_v_ref.c ****     gv_zd_ref = GV_MIN_ZD;
 116:firmwares/rotorcraft/guidance/guidance_v_ref.c ****     if (gv_zdd_ref < 0)
 184              		.loc 1 116 0
 185 008a 134B     		ldr	r3, .L23+24
 115:firmwares/rotorcraft/guidance/guidance_v_ref.c ****     gv_zd_ref = GV_MIN_ZD;
 186              		.loc 1 115 0
 187 008c 164A     		ldr	r2, .L23+40
 188              		.loc 1 116 0
 189 008e 1968     		ldr	r1, [r3, #0]
 115:firmwares/rotorcraft/guidance/guidance_v_ref.c ****     gv_zd_ref = GV_MIN_ZD;
 190              		.loc 1 115 0
 191 0090 0F48     		ldr	r0, .L23+16
 192              		.loc 1 116 0
 193 0092 0029     		cmp	r1, #0
 115:firmwares/rotorcraft/guidance/guidance_v_ref.c ****     gv_zd_ref = GV_MIN_ZD;
 194              		.loc 1 115 0
 195 0094 0260     		str	r2, [r0, #0]
 196              		.loc 1 116 0
 197 0096 11DA     		bge	.L4
 198 0098 0EE0     		b	.L21
 199              	.L19:
 117:firmwares/rotorcraft/guidance/guidance_v_ref.c ****       gv_zdd_ref = 0;
 118:firmwares/rotorcraft/guidance/guidance_v_ref.c ****   }
 119:firmwares/rotorcraft/guidance/guidance_v_ref.c ****   else if (gv_zd_ref >= GV_MAX_ZD) {
 200              		.loc 1 119 0
 201 009a 2046     		mov	r0, r4
 202 009c 2946     		mov	r1, r5
 203 009e 0022     		movs	r2, #0
 204 00a0 124B     		ldr	r3, .L23+44
 205 00a2 FFF7FEFF 		bl	__aeabi_dcmpge
 206              	.LVL14:
 207 00a6 48B1     		cbz	r0, .L4
 120:firmwares/rotorcraft/guidance/guidance_v_ref.c ****     gv_zd_ref = GV_MAX_ZD;
 121:firmwares/rotorcraft/guidance/guidance_v_ref.c ****     if (gv_zdd_ref > 0)
 208              		.loc 1 121 0
 209 00a8 0B4B     		ldr	r3, .L23+24
 120:firmwares/rotorcraft/guidance/guidance_v_ref.c ****     gv_zd_ref = GV_MAX_ZD;
 210              		.loc 1 120 0
 211 00aa 0948     		ldr	r0, .L23+16
 212              		.loc 1 121 0
 213 00ac 1968     		ldr	r1, [r3, #0]
 120:firmwares/rotorcraft/guidance/guidance_v_ref.c ****     gv_zd_ref = GV_MAX_ZD;
 214              		.loc 1 120 0
 215 00ae 4FF4C022 		mov	r2, #393216
 216              		.loc 1 121 0
 217 00b2 0029     		cmp	r1, #0
 120:firmwares/rotorcraft/guidance/guidance_v_ref.c ****     gv_zd_ref = GV_MAX_ZD;
 218              		.loc 1 120 0
 219 00b4 0260     		str	r2, [r0, #0]
 220              		.loc 1 121 0
 221 00b6 01DD     		ble	.L4
 222              	.L21:
 122:firmwares/rotorcraft/guidance/guidance_v_ref.c ****       gv_zdd_ref = 0;
 223              		.loc 1 122 0
 224 00b8 0022     		movs	r2, #0
 225 00ba 1A60     		str	r2, [r3, #0]
 226              	.L4:
 227 00bc BDE8F081 		pop	{r4, r5, r6, r7, r8, pc}
 228              	.L24:
 229              		.align	3
 230              	.L23:
 231 00c0 3208AC1C 		.word	481036338
 232 00c4 5A649F40 		.word	1084187738
 233 00c8 1F85EB51 		.word	1374389535
 234 00cc B89EB3C0 		.word	-1061970248
 235 00d0 00000000 		.word	.LANCHOR1
 236 00d4 00000000 		.word	.LANCHOR0
 237 00d8 00000000 		.word	.LANCHOR2
 238 00dc 22F4FFFF 		.word	-3038
 239 00e0 62ECFFFF 		.word	-5022
 240 00e4 000018C1 		.word	-1055391744
 241 00e8 0000FAFF 		.word	-393216
 242 00ec 00001841 		.word	1092091904
 243              		.cfi_endproc
 244              	.LFE1:
 246              		.section	.text.gv_update_ref_from_zd_sp,"ax",%progbits
 247              		.align	1
 248              		.global	gv_update_ref_from_zd_sp
 249              		.thumb
 250              		.thumb_func
 252              	gv_update_ref_from_zd_sp:
 253              	.LFB2:
 123:firmwares/rotorcraft/guidance/guidance_v_ref.c ****   }
 124:firmwares/rotorcraft/guidance/guidance_v_ref.c **** }
 125:firmwares/rotorcraft/guidance/guidance_v_ref.c **** 
 126:firmwares/rotorcraft/guidance/guidance_v_ref.c **** 
 127:firmwares/rotorcraft/guidance/guidance_v_ref.c **** void gv_update_ref_from_zd_sp(int32_t zd_sp) {
 254              		.loc 1 127 0
 255              		.cfi_startproc
 256              		@ args = 0, pretend = 0, frame = 0
 257              		@ frame_needed = 0, uses_anonymous_args = 0
 258              	.LVL15:
 128:firmwares/rotorcraft/guidance/guidance_v_ref.c **** 
 129:firmwares/rotorcraft/guidance/guidance_v_ref.c ****   gv_z_ref  += gv_zd_ref;
 259              		.loc 1 129 0
 260 0000 3149     		ldr	r1, .L43+16
 127:firmwares/rotorcraft/guidance/guidance_v_ref.c **** void gv_update_ref_from_zd_sp(int32_t zd_sp) {
 261              		.loc 1 127 0
 262 0002 2DE9F041 		push	{r4, r5, r6, r7, r8, lr}
 263              	.LCFI2:
 264              		.cfi_def_cfa_offset 24
 265              		.cfi_offset 4, -24
 266              		.cfi_offset 5, -20
 267              		.cfi_offset 6, -16
 268              		.cfi_offset 7, -12
 269              		.cfi_offset 8, -8
 270              		.cfi_offset 14, -4
 130:firmwares/rotorcraft/guidance/guidance_v_ref.c ****   gv_zd_ref += gv_zdd_ref;
 271              		.loc 1 130 0
 272 0006 314E     		ldr	r6, .L43+20
 129:firmwares/rotorcraft/guidance/guidance_v_ref.c ****   gv_z_ref  += gv_zd_ref;
 273              		.loc 1 129 0
 274 0008 0C68     		ldr	r4, [r1, #0]
 275 000a 314D     		ldr	r5, .L43+24
 276              		.loc 1 130 0
 277 000c 3768     		ldr	r7, [r6, #0]
 129:firmwares/rotorcraft/guidance/guidance_v_ref.c ****   gv_z_ref  += gv_zd_ref;
 278              		.loc 1 129 0
 279 000e D5E90023 		ldrd	r2, [r5]
 280 0012 1219     		adds	r2, r2, r4
 281 0014 43EBE473 		adc	r3, r3, r4, asr #31
 282              		.loc 1 130 0
 283 0018 E719     		adds	r7, r4, r7
 129:firmwares/rotorcraft/guidance/guidance_v_ref.c ****   gv_z_ref  += gv_zd_ref;
 284              		.loc 1 129 0
 285 001a C5E90023 		strd	r2, [r5]
 131:firmwares/rotorcraft/guidance/guidance_v_ref.c **** 
 132:firmwares/rotorcraft/guidance/guidance_v_ref.c ****   int32_t zd_err = gv_zd_ref - (zd_sp>>(INT32_SPEED_FRAC - GV_ZD_REF_FRAC));
 286              		.loc 1 132 0
 287 001e A7EBA000 		sub	r0, r7, r0, asr #2
 288              	.LVL16:
 133:firmwares/rotorcraft/guidance/guidance_v_ref.c ****   int32_t zd_err_zdd_res = zd_err>>(GV_ZD_REF_FRAC-GV_ZDD_REF_FRAC);
 134:firmwares/rotorcraft/guidance/guidance_v_ref.c ****   gv_zdd_ref = (-(int32_t)GV_REF_INV_THAU * zd_err_zdd_res)>>GV_REF_INV_THAU_FRAC;
 289              		.loc 1 134 0
 290 0022 2C4B     		ldr	r3, .L43+28
 133:firmwares/rotorcraft/guidance/guidance_v_ref.c ****   int32_t zd_err_zdd_res = zd_err>>(GV_ZD_REF_FRAC-GV_ZDD_REF_FRAC);
 291              		.loc 1 133 0
 292 0024 4FEA6028 		asr	r8, r0, #9
 293              		.loc 1 134 0
 294 0028 03FB08F2 		mul	r2, r3, r8
 295 002c 4FEA2248 		asr	r8, r2, #16
 130:firmwares/rotorcraft/guidance/guidance_v_ref.c ****   gv_zd_ref += gv_zdd_ref;
 296              		.loc 1 130 0
 297 0030 0F60     		str	r7, [r1, #0]
 135:firmwares/rotorcraft/guidance/guidance_v_ref.c **** 
 136:firmwares/rotorcraft/guidance/guidance_v_ref.c ****   /* Saturate accelerations */
 137:firmwares/rotorcraft/guidance/guidance_v_ref.c ****   Bound(gv_zdd_ref, GV_MIN_ZDD, GV_MAX_ZDD);
 298              		.loc 1 137 0
 299 0032 4046     		mov	r0, r8
 300 0034 FFF7FEFF 		bl	__aeabi_i2d
 301              	.LVL17:
 302 0038 1FA3     		adr	r3, .L43
 303 003a D3E90023 		ldrd	r2, [r3]
 304 003e 0446     		mov	r4, r0
 305 0040 0D46     		mov	r5, r1
 306 0042 FFF7FEFF 		bl	__aeabi_dcmpgt
 307              	.LVL18:
 308 0046 10B1     		cbz	r0, .L39
 309              		.loc 1 137 0 is_stmt 0 discriminator 1
 310 0048 40F2D971 		movw	r1, #2009
 311 004c 0BE0     		b	.L41
 312              	.L39:
 313              		.loc 1 137 0 discriminator 2
 314 004e 2046     		mov	r0, r4
 315 0050 2946     		mov	r1, r5
 316 0052 1BA3     		adr	r3, .L43+8
 317 0054 D3E90023 		ldrd	r2, [r3]
 318 0058 FFF7FEFF 		bl	__aeabi_dcmplt
 319              	.LVL19:
 320 005c 10B9     		cbnz	r0, .L29
 134:firmwares/rotorcraft/guidance/guidance_v_ref.c ****   gv_zdd_ref = (-(int32_t)GV_REF_INV_THAU * zd_err_zdd_res)>>GV_REF_INV_THAU_FRAC;
 321              		.loc 1 134 0 is_stmt 1
 322 005e C6F80080 		str	r8, [r6, #0]
 323 0062 01E0     		b	.L28
 324              	.L29:
 325              		.loc 1 137 0 discriminator 3
 326 0064 1C49     		ldr	r1, .L43+32
 327              	.L41:
 328 0066 3160     		str	r1, [r6, #0]
 329              	.L28:
 138:firmwares/rotorcraft/guidance/guidance_v_ref.c **** 
 139:firmwares/rotorcraft/guidance/guidance_v_ref.c ****   /* Saturate speed and adjust acceleration accordingly */
 140:firmwares/rotorcraft/guidance/guidance_v_ref.c ****   if (gv_zd_ref <= GV_MIN_ZD) {
 330              		.loc 1 140 0
 331 0068 3846     		mov	r0, r7
 332 006a FFF7FEFF 		bl	__aeabi_i2d
 333              	.LVL20:
 334 006e 0022     		movs	r2, #0
 335 0070 1A4B     		ldr	r3, .L43+36
 336 0072 0446     		mov	r4, r0
 337 0074 0D46     		mov	r5, r1
 338 0076 FFF7FEFF 		bl	__aeabi_dcmple
 339              	.LVL21:
 340 007a 38B1     		cbz	r0, .L40
 141:firmwares/rotorcraft/guidance/guidance_v_ref.c ****     gv_zd_ref = GV_MIN_ZD;
 142:firmwares/rotorcraft/guidance/guidance_v_ref.c ****     if (gv_zdd_ref < 0)
 341              		.loc 1 142 0
 342 007c 1349     		ldr	r1, .L43+20
 141:firmwares/rotorcraft/guidance/guidance_v_ref.c ****     gv_zd_ref = GV_MIN_ZD;
 343              		.loc 1 141 0
 344 007e 1848     		ldr	r0, .L43+40
 345              		.loc 1 142 0
 346 0080 0A68     		ldr	r2, [r1, #0]
 141:firmwares/rotorcraft/guidance/guidance_v_ref.c ****     gv_zd_ref = GV_MIN_ZD;
 347              		.loc 1 141 0
 348 0082 114B     		ldr	r3, .L43+16
 349              		.loc 1 142 0
 350 0084 002A     		cmp	r2, #0
 141:firmwares/rotorcraft/guidance/guidance_v_ref.c ****     gv_zd_ref = GV_MIN_ZD;
 351              		.loc 1 141 0
 352 0086 1860     		str	r0, [r3, #0]
 353              		.loc 1 142 0
 354 0088 11DA     		bge	.L25
 355 008a 0EE0     		b	.L42
 356              	.L40:
 143:firmwares/rotorcraft/guidance/guidance_v_ref.c ****       gv_zdd_ref = 0;
 144:firmwares/rotorcraft/guidance/guidance_v_ref.c ****   }
 145:firmwares/rotorcraft/guidance/guidance_v_ref.c ****   else if (gv_zd_ref >= GV_MAX_ZD) {
 357              		.loc 1 145 0
 358 008c 2046     		mov	r0, r4
 359 008e 2946     		mov	r1, r5
 360 0090 0022     		movs	r2, #0
 361 0092 144B     		ldr	r3, .L43+44
 362 0094 FFF7FEFF 		bl	__aeabi_dcmpge
 363              	.LVL22:
 364 0098 48B1     		cbz	r0, .L25
 146:firmwares/rotorcraft/guidance/guidance_v_ref.c ****     gv_zd_ref = GV_MAX_ZD;
 147:firmwares/rotorcraft/guidance/guidance_v_ref.c ****     if (gv_zdd_ref > 0)
 365              		.loc 1 147 0
 366 009a 0C49     		ldr	r1, .L43+20
 146:firmwares/rotorcraft/guidance/guidance_v_ref.c ****     gv_zd_ref = GV_MAX_ZD;
 367              		.loc 1 146 0
 368 009c 0A4B     		ldr	r3, .L43+16
 369              		.loc 1 147 0
 370 009e 0A68     		ldr	r2, [r1, #0]
 146:firmwares/rotorcraft/guidance/guidance_v_ref.c ****     gv_zd_ref = GV_MAX_ZD;
 371              		.loc 1 146 0
 372 00a0 4FF4C020 		mov	r0, #393216
 373              		.loc 1 147 0
 374 00a4 002A     		cmp	r2, #0
 146:firmwares/rotorcraft/guidance/guidance_v_ref.c ****     gv_zd_ref = GV_MAX_ZD;
 375              		.loc 1 146 0
 376 00a6 1860     		str	r0, [r3, #0]
 377              		.loc 1 147 0
 378 00a8 01DD     		ble	.L25
 379              	.L42:
 148:firmwares/rotorcraft/guidance/guidance_v_ref.c ****       gv_zdd_ref = 0;
 380              		.loc 1 148 0
 381 00aa 0020     		movs	r0, #0
 382 00ac 0860     		str	r0, [r1, #0]
 383              	.L25:
 384 00ae BDE8F081 		pop	{r4, r5, r6, r7, r8, pc}
 385              	.L44:
 386 00b2 00BFAFF3 		.align	3
 386      0080
 387              	.L43:
 388 00b8 3208AC1C 		.word	481036338
 389 00bc 5A649F40 		.word	1084187738
 390 00c0 1F85EB51 		.word	1374389535
 391 00c4 B89EB3C0 		.word	-1061970248
 392 00c8 00000000 		.word	.LANCHOR1
 393 00cc 00000000 		.word	.LANCHOR2
 394 00d0 00000000 		.word	.LANCHOR0
 395 00d4 0000FCFF 		.word	-262144
 396 00d8 62ECFFFF 		.word	-5022
 397 00dc 000018C1 		.word	-1055391744
 398 00e0 0000FAFF 		.word	-393216
 399 00e4 00001841 		.word	1092091904
 400              		.cfi_endproc
 401              	.LFE2:
 403              		.global	gv_z_ref
 404              		.global	gv_zd_ref
 405              		.global	gv_zdd_ref
 406              		.section	.bss.gv_z_ref,"aw",%nobits
 407              		.align	3
 408              		.set	.LANCHOR0,. + 0
 411              	gv_z_ref:
 412 0000 00000000 		.space	8
 412      00000000 
 413              		.section	.bss.gv_zd_ref,"aw",%nobits
 414              		.align	2
 415              		.set	.LANCHOR1,. + 0
 418              	gv_zd_ref:
 419 0000 00000000 		.space	4
 420              		.section	.bss.gv_zdd_ref,"aw",%nobits
 421              		.align	2
 422              		.set	.LANCHOR2,. + 0
 425              	gv_zdd_ref:
 426 0000 00000000 		.space	4
 427              		.text
 428              	.Letext0:
 429              		.file 2 "/opt/local/bin/../lib/gcc/arm-none-eabi/4.7.3/../../../../arm-none-eabi/include/stdint.h"
DEFINED SYMBOLS
                            *ABS*:0000000000000000 guidance_v_ref.c
/var/tmp//ccVX3SQq.s:19     .text.gv_set_ref:0000000000000000 $t
/var/tmp//ccVX3SQq.s:24     .text.gv_set_ref:0000000000000000 gv_set_ref
/var/tmp//ccVX3SQq.s:65     .text.gv_set_ref:0000000000000020 $d
/var/tmp//ccVX3SQq.s:77     .text.gv_update_ref_from_z_sp:0000000000000000 $t
/var/tmp//ccVX3SQq.s:82     .text.gv_update_ref_from_z_sp:0000000000000000 gv_update_ref_from_z_sp
/var/tmp//ccVX3SQq.s:231    .text.gv_update_ref_from_z_sp:00000000000000c0 $d
/var/tmp//ccVX3SQq.s:247    .text.gv_update_ref_from_zd_sp:0000000000000000 $t
/var/tmp//ccVX3SQq.s:252    .text.gv_update_ref_from_zd_sp:0000000000000000 gv_update_ref_from_zd_sp
/var/tmp//ccVX3SQq.s:388    .text.gv_update_ref_from_zd_sp:00000000000000b8 $d
/var/tmp//ccVX3SQq.s:411    .bss.gv_z_ref:0000000000000000 gv_z_ref
/var/tmp//ccVX3SQq.s:418    .bss.gv_zd_ref:0000000000000000 gv_zd_ref
/var/tmp//ccVX3SQq.s:425    .bss.gv_zdd_ref:0000000000000000 gv_zdd_ref
/var/tmp//ccVX3SQq.s:407    .bss.gv_z_ref:0000000000000000 $d
/var/tmp//ccVX3SQq.s:414    .bss.gv_zd_ref:0000000000000000 $d
/var/tmp//ccVX3SQq.s:421    .bss.gv_zdd_ref:0000000000000000 $d
                     .debug_frame:0000000000000010 $d

UNDEFINED SYMBOLS
__aeabi_i2d
__aeabi_dcmpgt
__aeabi_dcmplt
__aeabi_dcmple
__aeabi_dcmpge
