   1              		.syntax unified
   2              		.cpu cortex-m3
   3              		.fpu softvfp
   4              		.eabi_attribute 20, 1
   5              		.eabi_attribute 21, 1
   6              		.eabi_attribute 23, 3
   7              		.eabi_attribute 24, 1
   8              		.eabi_attribute 25, 1
   9              		.eabi_attribute 26, 1
  10              		.eabi_attribute 30, 4
  11              		.eabi_attribute 34, 1
  12              		.eabi_attribute 18, 4
  13              		.thumb
  14              		.file	"ppm.c"
  15              		.text
  16              	.Ltext0:
  17              		.cfi_sections	.debug_frame
  18              		.section	.text.radio_control_impl_init,"ax",%progbits
  19              		.align	1
  20              		.global	radio_control_impl_init
  21              		.thumb
  22              		.thumb_func
  24              	radio_control_impl_init:
  25              	.LFB20:
  26              		.file 1 "subsystems/radio_control/ppm.c"
   1:subsystems/radio_control/ppm.c **** /*
   2:subsystems/radio_control/ppm.c ****  * Copyright (C) 2010 The Paparazzi Team
   3:subsystems/radio_control/ppm.c ****  *
   4:subsystems/radio_control/ppm.c ****  * This file is part of paparazzi.
   5:subsystems/radio_control/ppm.c ****  *
   6:subsystems/radio_control/ppm.c ****  * paparazzi is free software; you can redistribute it and/or modify
   7:subsystems/radio_control/ppm.c ****  * it under the terms of the GNU General Public License as published by
   8:subsystems/radio_control/ppm.c ****  * the Free Software Foundation; either version 2, or (at your option)
   9:subsystems/radio_control/ppm.c ****  * any later version.
  10:subsystems/radio_control/ppm.c ****  *
  11:subsystems/radio_control/ppm.c ****  * paparazzi is distributed in the hope that it will be useful,
  12:subsystems/radio_control/ppm.c ****  * but WITHOUT ANY WARRANTY; without even the implied warranty of
  13:subsystems/radio_control/ppm.c ****  * MERCHANTABILITY or FITNESS FOR A PARTICULAR PURPOSE.  See the
  14:subsystems/radio_control/ppm.c ****  * GNU General Public License for more details.
  15:subsystems/radio_control/ppm.c ****  *
  16:subsystems/radio_control/ppm.c ****  * You should have received a copy of the GNU General Public License
  17:subsystems/radio_control/ppm.c ****  * along with paparazzi; see the file COPYING.  If not, write to
  18:subsystems/radio_control/ppm.c ****  * the Free Software Foundation, 59 Temple Place - Suite 330,
  19:subsystems/radio_control/ppm.c ****  * Boston, MA 02111-1307, USA.
  20:subsystems/radio_control/ppm.c ****  */
  21:subsystems/radio_control/ppm.c **** 
  22:subsystems/radio_control/ppm.c **** #include "subsystems/radio_control.h"
  23:subsystems/radio_control/ppm.c **** #include "subsystems/radio_control/ppm.h"
  24:subsystems/radio_control/ppm.c **** 
  25:subsystems/radio_control/ppm.c **** uint16_t ppm_pulses[ PPM_NB_CHANNEL ];
  26:subsystems/radio_control/ppm.c **** volatile bool_t ppm_frame_available;
  27:subsystems/radio_control/ppm.c **** 
  28:subsystems/radio_control/ppm.c **** void radio_control_impl_init(void) {
  27              		.loc 1 28 0
  28              		.cfi_startproc
  29              		@ args = 0, pretend = 0, frame = 0
  30              		@ frame_needed = 0, uses_anonymous_args = 0
  31              		@ link register save eliminated.
  29:subsystems/radio_control/ppm.c ****   ppm_frame_available = FALSE;
  32              		.loc 1 29 0
  33 0000 024B     		ldr	r3, .L2
  34 0002 0022     		movs	r2, #0
  35 0004 1A70     		strb	r2, [r3, #0]
  30:subsystems/radio_control/ppm.c ****   ppm_arch_init();
  31:subsystems/radio_control/ppm.c **** }
  36              		.loc 1 31 0
  30:subsystems/radio_control/ppm.c ****   ppm_arch_init();
  37              		.loc 1 30 0
  38 0006 FFF7FEBF 		b	ppm_arch_init
  39              	.LVL0:
  40              	.L3:
  41 000a 00BF     		.align	2
  42              	.L2:
  43 000c 00000000 		.word	.LANCHOR0
  44              		.cfi_endproc
  45              	.LFE20:
  47              		.global	ppm_frame_available
  48              		.global	ppm_pulses
  49              		.section	.bss.ppm_pulses,"aw",%nobits
  50              		.align	1
  53              	ppm_pulses:
  54 0000 00000000 		.space	16
  54      00000000 
  54      00000000 
  54      00000000 
  55              		.section	.bss.ppm_frame_available,"aw",%nobits
  56              		.set	.LANCHOR0,. + 0
  59              	ppm_frame_available:
  60 0000 00       		.space	1
  61              		.text
  62              	.Letext0:
  63              		.file 2 "/opt/local/bin/../lib/gcc/arm-none-eabi/4.7.3/../../../../arm-none-eabi/include/stdint.h"
  64              		.file 3 "/Users/tony-yi/git/paparazzi_local/sw/include/std.h"
  65              		.file 4 "./paparazzi.h"
  66              		.file 5 "./mcu_periph/sys_time.h"
  67              		.file 6 "./subsystems/radio_control.h"
  68              		.file 7 "./subsystems/radio_control/ppm.h"
DEFINED SYMBOLS
                            *ABS*:0000000000000000 ppm.c
/var/tmp//ccOOSBzv.s:19     .text.radio_control_impl_init:0000000000000000 $t
/var/tmp//ccOOSBzv.s:24     .text.radio_control_impl_init:0000000000000000 radio_control_impl_init
/var/tmp//ccOOSBzv.s:43     .text.radio_control_impl_init:000000000000000c $d
/var/tmp//ccOOSBzv.s:59     .bss.ppm_frame_available:0000000000000000 ppm_frame_available
/var/tmp//ccOOSBzv.s:53     .bss.ppm_pulses:0000000000000000 ppm_pulses
/var/tmp//ccOOSBzv.s:50     .bss.ppm_pulses:0000000000000000 $d
/var/tmp//ccOOSBzv.s:60     .bss.ppm_frame_available:0000000000000000 $d
                     .debug_frame:0000000000000010 $d

UNDEFINED SYMBOLS
ppm_arch_init
