   1              		.syntax unified
   2              		.cpu cortex-m3
   3              		.fpu softvfp
   4              		.eabi_attribute 20, 1
   5              		.eabi_attribute 21, 1
   6              		.eabi_attribute 23, 3
   7              		.eabi_attribute 24, 1
   8              		.eabi_attribute 25, 1
   9              		.eabi_attribute 26, 1
  10              		.eabi_attribute 30, 4
  11              		.eabi_attribute 34, 1
  12              		.eabi_attribute 18, 4
  13              		.thumb
  14              		.file	"settings.c"
  15              		.text
  16              	.Ltext0:
  17              		.cfi_sections	.debug_frame
  18              		.section	.text.settings_init,"ax",%progbits
  19              		.align	1
  20              		.global	settings_init
  21              		.thumb
  22              		.thumb_func
  24              	settings_init:
  25              	.LFB105:
  26              		.file 1 "subsystems/settings.c"
   1:subsystems/settings.c **** #include "subsystems/settings.h"
   2:subsystems/settings.c **** 
   3:subsystems/settings.c **** 
   4:subsystems/settings.c **** struct PersistentSettings pers_settings;
   5:subsystems/settings.c **** bool_t settings_store_now;
   6:subsystems/settings.c **** 
   7:subsystems/settings.c **** 
   8:subsystems/settings.c **** void settings_init(void) {
  27              		.loc 1 8 0
  28              		.cfi_startproc
  29              		@ args = 0, pretend = 0, frame = 0
  30              		@ frame_needed = 0, uses_anonymous_args = 0
  31              		@ link register save eliminated.
  32 0000 7047     		bx	lr
  33              		.cfi_endproc
  34              	.LFE105:
  36              		.section	.text.settings_store,"ax",%progbits
  37              		.align	1
  38              		.global	settings_store
  39              		.thumb
  40              		.thumb_func
  42              	settings_store:
  43              	.LFB106:
   9:subsystems/settings.c **** #if USE_PERSISTENT_SETTINGS
  10:subsystems/settings.c ****   if (persistent_read((uint32_t)&pers_settings, sizeof(struct PersistentSettings)))
  11:subsystems/settings.c ****     return; // return -1 ?
  12:subsystems/settings.c ****   persistent_settings_load();
  13:subsystems/settings.c **** #endif
  14:subsystems/settings.c **** }
  15:subsystems/settings.c **** 
  16:subsystems/settings.c **** 
  17:subsystems/settings.c **** void settings_store(void) {
  44              		.loc 1 17 0
  45              		.cfi_startproc
  46              		@ args = 0, pretend = 0, frame = 0
  47              		@ frame_needed = 0, uses_anonymous_args = 0
  48              		@ link register save eliminated.
  49 0000 7047     		bx	lr
  50              		.cfi_endproc
  51              	.LFE106:
  53              		.global	settings_store_now
  54              		.global	pers_settings
  55              		.section	.bss.settings_store_now,"aw",%nobits
  58              	settings_store_now:
  59 0000 00       		.space	1
  60              		.section	.bss.pers_settings,"aw",%nobits
  63              	pers_settings:
  64              		.text
  65              	.Letext0:
  66              		.file 2 "/opt/local/bin/../lib/gcc/arm-none-eabi/4.7.3/../../../../arm-none-eabi/include/stdint.h"
  67              		.file 3 "/Users/tony-yi/git/paparazzi_local/sw/include/std.h"
  68              		.file 4 "./math/pprz_algebra_int.h"
  69              		.file 5 "./math/pprz_geodetic_int.h"
  70              		.file 6 "./math/pprz_algebra_float.h"
  71              		.file 7 "./math/pprz_geodetic_float.h"
  72              		.file 8 "./math/pprz_orientation_conversion.h"
  73              		.file 9 "./state.h"
  74              		.file 10 "./subsystems/ins.h"
  75              		.file 11 "firmwares/rotorcraft/stabilization/stabilization_attitude_common_int.h"
  76              		.file 12 "firmwares/rotorcraft/autopilot.h"
  77              		.file 13 "firmwares/rotorcraft/guidance/guidance_h.h"
  78              		.file 14 "firmwares/rotorcraft/guidance/guidance_v.h"
  79              		.file 15 "firmwares/rotorcraft/navigation.h"
  80              		.file 16 "firmwares/rotorcraft/stabilization/stabilization_rate.h"
  81              		.file 17 "/Users/tony-yi/git/paparazzi_local/var/MYAC/generated/modules.h"
  82              		.file 18 "/Users/tony-yi/git/paparazzi_local/var/MYAC/generated/periodic_telemetry.h"
  83              		.file 19 "/Users/tony-yi/git/paparazzi_local/var/MYAC/generated/settings.h"
DEFINED SYMBOLS
                            *ABS*:0000000000000000 settings.c
/var/tmp//ccrmyYAW.s:19     .text.settings_init:0000000000000000 $t
/var/tmp//ccrmyYAW.s:24     .text.settings_init:0000000000000000 settings_init
/var/tmp//ccrmyYAW.s:37     .text.settings_store:0000000000000000 $t
/var/tmp//ccrmyYAW.s:42     .text.settings_store:0000000000000000 settings_store
/var/tmp//ccrmyYAW.s:58     .bss.settings_store_now:0000000000000000 settings_store_now
/var/tmp//ccrmyYAW.s:63     .bss.pers_settings:0000000000000000 pers_settings
/var/tmp//ccrmyYAW.s:59     .bss.settings_store_now:0000000000000000 $d
                     .debug_frame:0000000000000010 $d

NO UNDEFINED SYMBOLS
